[ 2016-01-18T09:49:05+08:00 ] 127.0.0.1 /test/thinkphp_3.2.3_full/
INFO: [ app_init ] --START--
INFO: Run Behavior\BuildLiteBehavior [ RunTime:0.000005s ]
INFO: [ app_init ] --END-- [ RunTime:0.000056s ]
INFO: [ app_begin ] --START--
INFO: Run Behavior\ReadHtmlCacheBehavior [ RunTime:0.000416s ]
INFO: [ app_begin ] --END-- [ RunTime:0.000436s ]
INFO: [ view_parse ] --START--
INFO: [ template_filter ] --START--
INFO: Run Behavior\ContentReplaceBehavior [ RunTime:0.000013s ]
INFO: [ template_filter ] --END-- [ RunTime:0.000036s ]
INFO: Run Behavior\ParseTemplateBehavior [ RunTime:0.003421s ]
INFO: [ view_parse ] --END-- [ RunTime:0.003439s ]
INFO: [ view_filter ] --START--
INFO: Run Behavior\WriteHtmlCacheBehavior [ RunTime:0.000107s ]
INFO: [ view_filter ] --END-- [ RunTime:0.000116s ]
INFO: [ app_end ] --START--
INFO: Run Behavior\ShowPageTraceBehavior [ RunTime:0.000323s ]
INFO: [ app_end ] --END-- [ RunTime:0.000335s ]

[ 2016-01-18T09:54:13+08:00 ] 127.0.0.1 /test/thinkphp_3.2.3_full/
INFO: [ app_init ] --START--
INFO: Run Behavior\BuildLiteBehavior [ RunTime:0.000007s ]
INFO: [ app_init ] --END-- [ RunTime:0.000076s ]
INFO: [ app_begin ] --START--
INFO: Run Behavior\ReadHtmlCacheBehavior [ RunTime:0.000029s ]
INFO: [ app_begin ] --END-- [ RunTime:0.000047s ]
NOTIC: [2] DOMDocument::loadHTML(): ID dy already defined in Entity, line: 93 /home/x/Documents/www/test/thinkphp_3.2.3_full/vendor/jaeger/phpquery-single/phpQuery.php 第 328 行.
NOTIC: [2] DOMDocument::loadHTML(): htmlParseEntityRef: expecting ';' in Entity, line: 153 /home/x/Documents/www/test/thinkphp_3.2.3_full/vendor/jaeger/phpquery-single/phpQuery.php 第 328 行.
NOTIC: [2] DOMDocument::loadHTML(): htmlParseEntityRef: expecting ';' in Entity, line: 153 /home/x/Documents/www/test/thinkphp_3.2.3_full/vendor/jaeger/phpquery-single/phpQuery.php 第 328 行.
NOTIC: [2] DOMDocument::loadHTML(): htmlParseEntityRef: expecting ';' in Entity, line: 267 /home/x/Documents/www/test/thinkphp_3.2.3_full/vendor/jaeger/phpquery-single/phpQuery.php 第 328 行.
NOTIC: [2] DOMDocument::loadHTML(): htmlParseEntityRef: expecting ';' in Entity, line: 267 /home/x/Documents/www/test/thinkphp_3.2.3_full/vendor/jaeger/phpquery-single/phpQuery.php 第 328 行.
NOTIC: [2] DOMDocument::loadHTML(): htmlParseStartTag: invalid element name in Entity, line: 285 /home/x/Documents/www/test/thinkphp_3.2.3_full/vendor/jaeger/phpquery-single/phpQuery.php 第 328 行.
NOTIC: [2] DOMDocument::loadHTML(): htmlParseStartTag: invalid element name in Entity, line: 306 /home/x/Documents/www/test/thinkphp_3.2.3_full/vendor/jaeger/phpquery-single/phpQuery.php 第 328 行.
NOTIC: [2] DOMDocument::loadHTML(): Unexpected end tag : script in Entity, line: 440 /home/x/Documents/www/test/thinkphp_3.2.3_full/vendor/jaeger/phpquery-single/phpQuery.php 第 328 行.
NOTIC: [2] DOMDocument::loadHTML(): Unexpected end tag : div in Entity, line: 528 /home/x/Documents/www/test/thinkphp_3.2.3_full/vendor/jaeger/phpquery-single/phpQuery.php 第 328 行.
NOTIC: [2] DOMDocument::loadHTML(): Unexpected end tag : div in Entity, line: 532 /home/x/Documents/www/test/thinkphp_3.2.3_full/vendor/jaeger/phpquery-single/phpQuery.php 第 328 行.
NOTIC: [2] DOMDocument::loadHTML(): ID dy already defined in Entity, line: 93 /home/x/Documents/www/test/thinkphp_3.2.3_full/vendor/jaeger/phpquery-single/phpQuery.php 第 328 行.
NOTIC: [2] DOMDocument::loadHTML(): htmlParseEntityRef: expecting ';' in Entity, line: 153 /home/x/Documents/www/test/thinkphp_3.2.3_full/vendor/jaeger/phpquery-single/phpQuery.php 第 328 行.
NOTIC: [2] DOMDocument::loadHTML(): htmlParseEntityRef: expecting ';' in Entity, line: 153 /home/x/Documents/www/test/thinkphp_3.2.3_full/vendor/jaeger/phpquery-single/phpQuery.php 第 328 行.
NOTIC: [2] DOMDocument::loadHTML(): htmlParseEntityRef: expecting ';' in Entity, line: 267 /home/x/Documents/www/test/thinkphp_3.2.3_full/vendor/jaeger/phpquery-single/phpQuery.php 第 328 行.
NOTIC: [2] DOMDocument::loadHTML(): htmlParseEntityRef: expecting ';' in Entity, line: 267 /home/x/Documents/www/test/thinkphp_3.2.3_full/vendor/jaeger/phpquery-single/phpQuery.php 第 328 行.
NOTIC: [2] DOMDocument::loadHTML(): htmlParseStartTag: invalid element name in Entity, line: 285 /home/x/Documents/www/test/thinkphp_3.2.3_full/vendor/jaeger/phpquery-single/phpQuery.php 第 328 行.
NOTIC: [2] DOMDocument::loadHTML(): htmlParseStartTag: invalid element name in Entity, line: 306 /home/x/Documents/www/test/thinkphp_3.2.3_full/vendor/jaeger/phpquery-single/phpQuery.php 第 328 行.
NOTIC: [2] DOMDocument::loadHTML(): Unexpected end tag : script in Entity, line: 440 /home/x/Documents/www/test/thinkphp_3.2.3_full/vendor/jaeger/phpquery-single/phpQuery.php 第 328 行.
NOTIC: [2] DOMDocument::loadHTML(): Unexpected end tag : div in Entity, line: 528 /home/x/Documents/www/test/thinkphp_3.2.3_full/vendor/jaeger/phpquery-single/phpQuery.php 第 328 行.
NOTIC: [2] DOMDocument::loadHTML(): Unexpected end tag : div in Entity, line: 532 /home/x/Documents/www/test/thinkphp_3.2.3_full/vendor/jaeger/phpquery-single/phpQuery.php 第 328 行.
INFO: [ app_end ] --START--
INFO: Run Behavior\ShowPageTraceBehavior [ RunTime:0.000049s ]
INFO: [ app_end ] --END-- [ RunTime:0.000075s ]

[ 2016-01-18T09:54:17+08:00 ] 127.0.0.1 /test/thinkphp_3.2.3_full/
INFO: [ app_init ] --START--
INFO: Run Behavior\BuildLiteBehavior [ RunTime:0.000003s ]
INFO: [ app_init ] --END-- [ RunTime:0.000031s ]
INFO: [ app_begin ] --START--
INFO: Run Behavior\ReadHtmlCacheBehavior [ RunTime:0.000013s ]
INFO: [ app_begin ] --END-- [ RunTime:0.000021s ]
NOTIC: [2] DOMDocument::loadHTML(): ID dy already defined in Entity, line: 93 /home/x/Documents/www/test/thinkphp_3.2.3_full/vendor/jaeger/phpquery-single/phpQuery.php 第 328 行.
NOTIC: [2] DOMDocument::loadHTML(): htmlParseEntityRef: expecting ';' in Entity, line: 153 /home/x/Documents/www/test/thinkphp_3.2.3_full/vendor/jaeger/phpquery-single/phpQuery.php 第 328 行.
NOTIC: [2] DOMDocument::loadHTML(): htmlParseEntityRef: expecting ';' in Entity, line: 153 /home/x/Documents/www/test/thinkphp_3.2.3_full/vendor/jaeger/phpquery-single/phpQuery.php 第 328 行.
NOTIC: [2] DOMDocument::loadHTML(): htmlParseEntityRef: expecting ';' in Entity, line: 267 /home/x/Documents/www/test/thinkphp_3.2.3_full/vendor/jaeger/phpquery-single/phpQuery.php 第 328 行.
NOTIC: [2] DOMDocument::loadHTML(): htmlParseEntityRef: expecting ';' in Entity, line: 267 /home/x/Documents/www/test/thinkphp_3.2.3_full/vendor/jaeger/phpquery-single/phpQuery.php 第 328 行.
NOTIC: [2] DOMDocument::loadHTML(): htmlParseStartTag: invalid element name in Entity, line: 285 /home/x/Documents/www/test/thinkphp_3.2.3_full/vendor/jaeger/phpquery-single/phpQuery.php 第 328 行.
NOTIC: [2] DOMDocument::loadHTML(): htmlParseStartTag: invalid element name in Entity, line: 306 /home/x/Documents/www/test/thinkphp_3.2.3_full/vendor/jaeger/phpquery-single/phpQuery.php 第 328 行.
NOTIC: [2] DOMDocument::loadHTML(): Unexpected end tag : script in Entity, line: 440 /home/x/Documents/www/test/thinkphp_3.2.3_full/vendor/jaeger/phpquery-single/phpQuery.php 第 328 行.
NOTIC: [2] DOMDocument::loadHTML(): Unexpected end tag : div in Entity, line: 528 /home/x/Documents/www/test/thinkphp_3.2.3_full/vendor/jaeger/phpquery-single/phpQuery.php 第 328 行.
NOTIC: [2] DOMDocument::loadHTML(): Unexpected end tag : div in Entity, line: 532 /home/x/Documents/www/test/thinkphp_3.2.3_full/vendor/jaeger/phpquery-single/phpQuery.php 第 328 行.
NOTIC: [2] DOMDocument::loadHTML(): ID dy already defined in Entity, line: 93 /home/x/Documents/www/test/thinkphp_3.2.3_full/vendor/jaeger/phpquery-single/phpQuery.php 第 328 行.
NOTIC: [2] DOMDocument::loadHTML(): htmlParseEntityRef: expecting ';' in Entity, line: 153 /home/x/Documents/www/test/thinkphp_3.2.3_full/vendor/jaeger/phpquery-single/phpQuery.php 第 328 行.
NOTIC: [2] DOMDocument::loadHTML(): htmlParseEntityRef: expecting ';' in Entity, line: 153 /home/x/Documents/www/test/thinkphp_3.2.3_full/vendor/jaeger/phpquery-single/phpQuery.php 第 328 行.
NOTIC: [2] DOMDocument::loadHTML(): htmlParseEntityRef: expecting ';' in Entity, line: 267 /home/x/Documents/www/test/thinkphp_3.2.3_full/vendor/jaeger/phpquery-single/phpQuery.php 第 328 行.
NOTIC: [2] DOMDocument::loadHTML(): htmlParseEntityRef: expecting ';' in Entity, line: 267 /home/x/Documents/www/test/thinkphp_3.2.3_full/vendor/jaeger/phpquery-single/phpQuery.php 第 328 行.
NOTIC: [2] DOMDocument::loadHTML(): htmlParseStartTag: invalid element name in Entity, line: 285 /home/x/Documents/www/test/thinkphp_3.2.3_full/vendor/jaeger/phpquery-single/phpQuery.php 第 328 行.
NOTIC: [2] DOMDocument::loadHTML(): htmlParseStartTag: invalid element name in Entity, line: 306 /home/x/Documents/www/test/thinkphp_3.2.3_full/vendor/jaeger/phpquery-single/phpQuery.php 第 328 行.
NOTIC: [2] DOMDocument::loadHTML(): Unexpected end tag : script in Entity, line: 440 /home/x/Documents/www/test/thinkphp_3.2.3_full/vendor/jaeger/phpquery-single/phpQuery.php 第 328 行.
NOTIC: [2] DOMDocument::loadHTML(): Unexpected end tag : div in Entity, line: 528 /home/x/Documents/www/test/thinkphp_3.2.3_full/vendor/jaeger/phpquery-single/phpQuery.php 第 328 行.
NOTIC: [2] DOMDocument::loadHTML(): Unexpected end tag : div in Entity, line: 532 /home/x/Documents/www/test/thinkphp_3.2.3_full/vendor/jaeger/phpquery-single/phpQuery.php 第 328 行.
INFO: [ app_end ] --START--
INFO: Run Behavior\ShowPageTraceBehavior [ RunTime:0.000051s ]
INFO: [ app_end ] --END-- [ RunTime:0.000079s ]

[ 2016-01-18T10:09:09+08:00 ] 127.0.0.1 /test/thinkphp_3.2.3_full/
INFO: [ app_init ] --START--
INFO: Run Behavior\BuildLiteBehavior [ RunTime:0.000006s ]
INFO: [ app_init ] --END-- [ RunTime:0.000080s ]
INFO: [ app_begin ] --START--
INFO: Run Behavior\ReadHtmlCacheBehavior [ RunTime:0.000020s ]
INFO: [ app_begin ] --END-- [ RunTime:0.000031s ]
NOTIC: [2] DOMDocument::loadHTML(): ID dy already defined in Entity, line: 93 /home/x/Documents/www/test/thinkphp_3.2.3_full/vendor/jaeger/phpquery-single/phpQuery.php 第 328 行.
NOTIC: [2] DOMDocument::loadHTML(): htmlParseEntityRef: expecting ';' in Entity, line: 153 /home/x/Documents/www/test/thinkphp_3.2.3_full/vendor/jaeger/phpquery-single/phpQuery.php 第 328 行.
NOTIC: [2] DOMDocument::loadHTML(): htmlParseEntityRef: expecting ';' in Entity, line: 153 /home/x/Documents/www/test/thinkphp_3.2.3_full/vendor/jaeger/phpquery-single/phpQuery.php 第 328 行.
NOTIC: [2] DOMDocument::loadHTML(): htmlParseEntityRef: expecting ';' in Entity, line: 267 /home/x/Documents/www/test/thinkphp_3.2.3_full/vendor/jaeger/phpquery-single/phpQuery.php 第 328 行.
NOTIC: [2] DOMDocument::loadHTML(): htmlParseEntityRef: expecting ';' in Entity, line: 267 /home/x/Documents/www/test/thinkphp_3.2.3_full/vendor/jaeger/phpquery-single/phpQuery.php 第 328 行.
NOTIC: [2] DOMDocument::loadHTML(): htmlParseStartTag: invalid element name in Entity, line: 285 /home/x/Documents/www/test/thinkphp_3.2.3_full/vendor/jaeger/phpquery-single/phpQuery.php 第 328 行.
NOTIC: [2] DOMDocument::loadHTML(): htmlParseStartTag: invalid element name in Entity, line: 306 /home/x/Documents/www/test/thinkphp_3.2.3_full/vendor/jaeger/phpquery-single/phpQuery.php 第 328 行.
NOTIC: [2] DOMDocument::loadHTML(): Unexpected end tag : script in Entity, line: 440 /home/x/Documents/www/test/thinkphp_3.2.3_full/vendor/jaeger/phpquery-single/phpQuery.php 第 328 行.
NOTIC: [2] DOMDocument::loadHTML(): Unexpected end tag : div in Entity, line: 528 /home/x/Documents/www/test/thinkphp_3.2.3_full/vendor/jaeger/phpquery-single/phpQuery.php 第 328 行.
NOTIC: [2] DOMDocument::loadHTML(): Unexpected end tag : div in Entity, line: 532 /home/x/Documents/www/test/thinkphp_3.2.3_full/vendor/jaeger/phpquery-single/phpQuery.php 第 328 行.
NOTIC: [2] DOMDocument::loadHTML(): ID dy already defined in Entity, line: 93 /home/x/Documents/www/test/thinkphp_3.2.3_full/vendor/jaeger/phpquery-single/phpQuery.php 第 328 行.
NOTIC: [2] DOMDocument::loadHTML(): htmlParseEntityRef: expecting ';' in Entity, line: 153 /home/x/Documents/www/test/thinkphp_3.2.3_full/vendor/jaeger/phpquery-single/phpQuery.php 第 328 行.
NOTIC: [2] DOMDocument::loadHTML(): htmlParseEntityRef: expecting ';' in Entity, line: 153 /home/x/Documents/www/test/thinkphp_3.2.3_full/vendor/jaeger/phpquery-single/phpQuery.php 第 328 行.
NOTIC: [2] DOMDocument::loadHTML(): htmlParseEntityRef: expecting ';' in Entity, line: 267 /home/x/Documents/www/test/thinkphp_3.2.3_full/vendor/jaeger/phpquery-single/phpQuery.php 第 328 行.
NOTIC: [2] DOMDocument::loadHTML(): htmlParseEntityRef: expecting ';' in Entity, line: 267 /home/x/Documents/www/test/thinkphp_3.2.3_full/vendor/jaeger/phpquery-single/phpQuery.php 第 328 行.
NOTIC: [2] DOMDocument::loadHTML(): htmlParseStartTag: invalid element name in Entity, line: 285 /home/x/Documents/www/test/thinkphp_3.2.3_full/vendor/jaeger/phpquery-single/phpQuery.php 第 328 行.
NOTIC: [2] DOMDocument::loadHTML(): htmlParseStartTag: invalid element name in Entity, line: 306 /home/x/Documents/www/test/thinkphp_3.2.3_full/vendor/jaeger/phpquery-single/phpQuery.php 第 328 行.
NOTIC: [2] DOMDocument::loadHTML(): Unexpected end tag : script in Entity, line: 440 /home/x/Documents/www/test/thinkphp_3.2.3_full/vendor/jaeger/phpquery-single/phpQuery.php 第 328 行.
NOTIC: [2] DOMDocument::loadHTML(): Unexpected end tag : div in Entity, line: 528 /home/x/Documents/www/test/thinkphp_3.2.3_full/vendor/jaeger/phpquery-single/phpQuery.php 第 328 行.
NOTIC: [2] DOMDocument::loadHTML(): Unexpected end tag : div in Entity, line: 532 /home/x/Documents/www/test/thinkphp_3.2.3_full/vendor/jaeger/phpquery-single/phpQuery.php 第 328 行.
INFO: [ app_end ] --START--
INFO: Run Behavior\ShowPageTraceBehavior [ RunTime:0.000046s ]
INFO: [ app_end ] --END-- [ RunTime:0.000068s ]

[ 2016-01-18T10:11:50+08:00 ] 127.0.0.1 /test/thinkphp_3.2.3_full/
INFO: [ app_init ] --START--
INFO: Run Behavior\BuildLiteBehavior [ RunTime:0.000005s ]
INFO: [ app_init ] --END-- [ RunTime:0.000056s ]
INFO: [ app_begin ] --START--
INFO: Run Behavior\ReadHtmlCacheBehavior [ RunTime:0.000019s ]
INFO: [ app_begin ] --END-- [ RunTime:0.000029s ]
NOTIC: [2] DOMDocument::loadHTML(): ID dy already defined in Entity, line: 93 /home/x/Documents/www/test/thinkphp_3.2.3_full/vendor/jaeger/phpquery-single/phpQuery.php 第 328 行.
NOTIC: [2] DOMDocument::loadHTML(): htmlParseEntityRef: expecting ';' in Entity, line: 153 /home/x/Documents/www/test/thinkphp_3.2.3_full/vendor/jaeger/phpquery-single/phpQuery.php 第 328 行.
NOTIC: [2] DOMDocument::loadHTML(): htmlParseEntityRef: expecting ';' in Entity, line: 153 /home/x/Documents/www/test/thinkphp_3.2.3_full/vendor/jaeger/phpquery-single/phpQuery.php 第 328 行.
NOTIC: [2] DOMDocument::loadHTML(): htmlParseEntityRef: expecting ';' in Entity, line: 267 /home/x/Documents/www/test/thinkphp_3.2.3_full/vendor/jaeger/phpquery-single/phpQuery.php 第 328 行.
NOTIC: [2] DOMDocument::loadHTML(): htmlParseEntityRef: expecting ';' in Entity, line: 267 /home/x/Documents/www/test/thinkphp_3.2.3_full/vendor/jaeger/phpquery-single/phpQuery.php 第 328 行.
NOTIC: [2] DOMDocument::loadHTML(): htmlParseStartTag: invalid element name in Entity, line: 285 /home/x/Documents/www/test/thinkphp_3.2.3_full/vendor/jaeger/phpquery-single/phpQuery.php 第 328 行.
NOTIC: [2] DOMDocument::loadHTML(): htmlParseStartTag: invalid element name in Entity, line: 306 /home/x/Documents/www/test/thinkphp_3.2.3_full/vendor/jaeger/phpquery-single/phpQuery.php 第 328 行.
NOTIC: [2] DOMDocument::loadHTML(): Unexpected end tag : script in Entity, line: 440 /home/x/Documents/www/test/thinkphp_3.2.3_full/vendor/jaeger/phpquery-single/phpQuery.php 第 328 行.
NOTIC: [2] DOMDocument::loadHTML(): Unexpected end tag : div in Entity, line: 528 /home/x/Documents/www/test/thinkphp_3.2.3_full/vendor/jaeger/phpquery-single/phpQuery.php 第 328 行.
NOTIC: [2] DOMDocument::loadHTML(): Unexpected end tag : div in Entity, line: 532 /home/x/Documents/www/test/thinkphp_3.2.3_full/vendor/jaeger/phpquery-single/phpQuery.php 第 328 行.
NOTIC: [2] DOMDocument::loadHTML(): ID dy already defined in Entity, line: 93 /home/x/Documents/www/test/thinkphp_3.2.3_full/vendor/jaeger/phpquery-single/phpQuery.php 第 328 行.
NOTIC: [2] DOMDocument::loadHTML(): htmlParseEntityRef: expecting ';' in Entity, line: 153 /home/x/Documents/www/test/thinkphp_3.2.3_full/vendor/jaeger/phpquery-single/phpQuery.php 第 328 行.
NOTIC: [2] DOMDocument::loadHTML(): htmlParseEntityRef: expecting ';' in Entity, line: 153 /home/x/Documents/www/test/thinkphp_3.2.3_full/vendor/jaeger/phpquery-single/phpQuery.php 第 328 行.
NOTIC: [2] DOMDocument::loadHTML(): htmlParseEntityRef: expecting ';' in Entity, line: 267 /home/x/Documents/www/test/thinkphp_3.2.3_full/vendor/jaeger/phpquery-single/phpQuery.php 第 328 行.
NOTIC: [2] DOMDocument::loadHTML(): htmlParseEntityRef: expecting ';' in Entity, line: 267 /home/x/Documents/www/test/thinkphp_3.2.3_full/vendor/jaeger/phpquery-single/phpQuery.php 第 328 行.
NOTIC: [2] DOMDocument::loadHTML(): htmlParseStartTag: invalid element name in Entity, line: 285 /home/x/Documents/www/test/thinkphp_3.2.3_full/vendor/jaeger/phpquery-single/phpQuery.php 第 328 行.
NOTIC: [2] DOMDocument::loadHTML(): htmlParseStartTag: invalid element name in Entity, line: 306 /home/x/Documents/www/test/thinkphp_3.2.3_full/vendor/jaeger/phpquery-single/phpQuery.php 第 328 行.
NOTIC: [2] DOMDocument::loadHTML(): Unexpected end tag : script in Entity, line: 440 /home/x/Documents/www/test/thinkphp_3.2.3_full/vendor/jaeger/phpquery-single/phpQuery.php 第 328 行.
NOTIC: [2] DOMDocument::loadHTML(): Unexpected end tag : div in Entity, line: 528 /home/x/Documents/www/test/thinkphp_3.2.3_full/vendor/jaeger/phpquery-single/phpQuery.php 第 328 行.
NOTIC: [2] DOMDocument::loadHTML(): Unexpected end tag : div in Entity, line: 532 /home/x/Documents/www/test/thinkphp_3.2.3_full/vendor/jaeger/phpquery-single/phpQuery.php 第 328 行.
INFO: [ app_end ] --START--
INFO: Run Behavior\ShowPageTraceBehavior [ RunTime:0.000044s ]
INFO: [ app_end ] --END-- [ RunTime:0.000064s ]

[ 2016-01-18T10:11:52+08:00 ] 127.0.0.1 /test/thinkphp_3.2.3_full/
INFO: [ app_init ] --START--
INFO: Run Behavior\BuildLiteBehavior [ RunTime:0.000004s ]
INFO: [ app_init ] --END-- [ RunTime:0.000039s ]
INFO: [ app_begin ] --START--
INFO: Run Behavior\ReadHtmlCacheBehavior [ RunTime:0.000017s ]
INFO: [ app_begin ] --END-- [ RunTime:0.000030s ]
NOTIC: [2] DOMDocument::loadHTML(): ID dy already defined in Entity, line: 93 /home/x/Documents/www/test/thinkphp_3.2.3_full/vendor/jaeger/phpquery-single/phpQuery.php 第 328 行.
NOTIC: [2] DOMDocument::loadHTML(): htmlParseEntityRef: expecting ';' in Entity, line: 153 /home/x/Documents/www/test/thinkphp_3.2.3_full/vendor/jaeger/phpquery-single/phpQuery.php 第 328 行.
NOTIC: [2] DOMDocument::loadHTML(): htmlParseEntityRef: expecting ';' in Entity, line: 153 /home/x/Documents/www/test/thinkphp_3.2.3_full/vendor/jaeger/phpquery-single/phpQuery.php 第 328 行.
NOTIC: [2] DOMDocument::loadHTML(): htmlParseEntityRef: expecting ';' in Entity, line: 267 /home/x/Documents/www/test/thinkphp_3.2.3_full/vendor/jaeger/phpquery-single/phpQuery.php 第 328 行.
NOTIC: [2] DOMDocument::loadHTML(): htmlParseEntityRef: expecting ';' in Entity, line: 267 /home/x/Documents/www/test/thinkphp_3.2.3_full/vendor/jaeger/phpquery-single/phpQuery.php 第 328 行.
NOTIC: [2] DOMDocument::loadHTML(): htmlParseStartTag: invalid element name in Entity, line: 285 /home/x/Documents/www/test/thinkphp_3.2.3_full/vendor/jaeger/phpquery-single/phpQuery.php 第 328 行.
NOTIC: [2] DOMDocument::loadHTML(): htmlParseStartTag: invalid element name in Entity, line: 306 /home/x/Documents/www/test/thinkphp_3.2.3_full/vendor/jaeger/phpquery-single/phpQuery.php 第 328 行.
NOTIC: [2] DOMDocument::loadHTML(): Unexpected end tag : script in Entity, line: 440 /home/x/Documents/www/test/thinkphp_3.2.3_full/vendor/jaeger/phpquery-single/phpQuery.php 第 328 行.
NOTIC: [2] DOMDocument::loadHTML(): Unexpected end tag : div in Entity, line: 528 /home/x/Documents/www/test/thinkphp_3.2.3_full/vendor/jaeger/phpquery-single/phpQuery.php 第 328 行.
NOTIC: [2] DOMDocument::loadHTML(): Unexpected end tag : div in Entity, line: 532 /home/x/Documents/www/test/thinkphp_3.2.3_full/vendor/jaeger/phpquery-single/phpQuery.php 第 328 行.
NOTIC: [2] DOMDocument::loadHTML(): ID dy already defined in Entity, line: 93 /home/x/Documents/www/test/thinkphp_3.2.3_full/vendor/jaeger/phpquery-single/phpQuery.php 第 328 行.
NOTIC: [2] DOMDocument::loadHTML(): htmlParseEntityRef: expecting ';' in Entity, line: 153 /home/x/Documents/www/test/thinkphp_3.2.3_full/vendor/jaeger/phpquery-single/phpQuery.php 第 328 行.
NOTIC: [2] DOMDocument::loadHTML(): htmlParseEntityRef: expecting ';' in Entity, line: 153 /home/x/Documents/www/test/thinkphp_3.2.3_full/vendor/jaeger/phpquery-single/phpQuery.php 第 328 行.
NOTIC: [2] DOMDocument::loadHTML(): htmlParseEntityRef: expecting ';' in Entity, line: 267 /home/x/Documents/www/test/thinkphp_3.2.3_full/vendor/jaeger/phpquery-single/phpQuery.php 第 328 行.
NOTIC: [2] DOMDocument::loadHTML(): htmlParseEntityRef: expecting ';' in Entity, line: 267 /home/x/Documents/www/test/thinkphp_3.2.3_full/vendor/jaeger/phpquery-single/phpQuery.php 第 328 行.
NOTIC: [2] DOMDocument::loadHTML(): htmlParseStartTag: invalid element name in Entity, line: 285 /home/x/Documents/www/test/thinkphp_3.2.3_full/vendor/jaeger/phpquery-single/phpQuery.php 第 328 行.
NOTIC: [2] DOMDocument::loadHTML(): htmlParseStartTag: invalid element name in Entity, line: 306 /home/x/Documents/www/test/thinkphp_3.2.3_full/vendor/jaeger/phpquery-single/phpQuery.php 第 328 行.
NOTIC: [2] DOMDocument::loadHTML(): Unexpected end tag : script in Entity, line: 440 /home/x/Documents/www/test/thinkphp_3.2.3_full/vendor/jaeger/phpquery-single/phpQuery.php 第 328 行.
NOTIC: [2] DOMDocument::loadHTML(): Unexpected end tag : div in Entity, line: 528 /home/x/Documents/www/test/thinkphp_3.2.3_full/vendor/jaeger/phpquery-single/phpQuery.php 第 328 行.
NOTIC: [2] DOMDocument::loadHTML(): Unexpected end tag : div in Entity, line: 532 /home/x/Documents/www/test/thinkphp_3.2.3_full/vendor/jaeger/phpquery-single/phpQuery.php 第 328 行.
INFO: [ app_end ] --START--
INFO: Run Behavior\ShowPageTraceBehavior [ RunTime:0.000034s ]
INFO: [ app_end ] --END-- [ RunTime:0.000054s ]

